{"/Users/frank/Desktop/iRepoter-react-app/src/index.js": {"path":"/Users/frank/Desktop/iRepoter-react-app/src/index.js","statementMap":{"0":{"start":{"line":13,"column":0},"end":{"line":21,"column":2}}},"fnMap":{},"branchMap":{},"s":{"0":0},"f":{},"b":{},"hash":"1ea2f40f29c783aed0c583e81892b3514cd454c4"}
,"/Users/frank/Desktop/iRepoter-react-app/src/store.js": {"path":"/Users/frank/Desktop/iRepoter-react-app/src/store.js","statementMap":{"0":{"start":{"line":6,"column":21},"end":{"line":6,"column":23}},"1":{"start":{"line":7,"column":19},"end":{"line":7,"column":26}},"2":{"start":{"line":8,"column":14},"end":{"line":12,"column":1}}},"fnMap":{},"branchMap":{},"s":{"0":0,"1":0,"2":0},"f":{},"b":{},"hash":"17fe109409176d96411d04895ee3422a93a10dc9"}
,"/Users/frank/Desktop/iRepoter-react-app/src/actions/RedFlagActions.js": {"path":"/Users/frank/Desktop/iRepoter-react-app/src/actions/RedFlagActions.js","statementMap":{"0":{"start":{"line":5,"column":29},"end":{"line":20,"column":2}},"1":{"start":{"line":5,"column":35},"end":{"line":20,"column":2}},"2":{"start":{"line":5,"column":53},"end":{"line":20,"column":2}},"3":{"start":{"line":10,"column":2},"end":{"line":10,"column":29}},"4":{"start":{"line":11,"column":2},"end":{"line":14,"column":5}},"5":{"start":{"line":16,"column":2},"end":{"line":19,"column":5}}},"fnMap":{"0":{"name":"(anonymous_0)","decl":{"start":{"line":5,"column":29},"end":{"line":5,"column":30}},"loc":{"start":{"line":5,"column":35},"end":{"line":20,"column":2}},"line":5},"1":{"name":"(anonymous_1)","decl":{"start":{"line":5,"column":35},"end":{"line":5,"column":36}},"loc":{"start":{"line":5,"column":53},"end":{"line":20,"column":2}},"line":5},"2":{"name":"(anonymous_2)","decl":{"start":{"line":9,"column":8},"end":{"line":9,"column":9}},"loc":{"start":{"line":9,"column":22},"end":{"line":15,"column":1}},"line":9},"3":{"name":"(anonymous_3)","decl":{"start":{"line":15,"column":9},"end":{"line":15,"column":10}},"loc":{"start":{"line":15,"column":20},"end":{"line":20,"column":1}},"line":15}},"branchMap":{},"s":{"0":1,"1":2,"2":2,"3":1,"4":1,"5":1},"f":{"0":2,"1":2,"2":1,"3":1},"b":{},"_coverageSchema":"43e27e138ebf9cfc5966b082cf9a028302ed4184","hash":"693ef2dab1fa6cb604e1597dccfeec4859794b5d"}
,"/Users/frank/Desktop/iRepoter-react-app/src/actions/SigninAction.js": {"path":"/Users/frank/Desktop/iRepoter-react-app/src/actions/SigninAction.js","statementMap":{"0":{"start":{"line":10,"column":25},"end":{"line":13,"column":2}},"1":{"start":{"line":10,"column":32},"end":{"line":13,"column":1}},"2":{"start":{"line":15,"column":31},"end":{"line":18,"column":2}},"3":{"start":{"line":15,"column":44},"end":{"line":18,"column":1}},"4":{"start":{"line":20,"column":32},"end":{"line":23,"column":2}},"5":{"start":{"line":20,"column":42},"end":{"line":23,"column":1}},"6":{"start":{"line":25,"column":28},"end":{"line":51,"column":1}},"7":{"start":{"line":25,"column":43},"end":{"line":51,"column":1}},"8":{"start":{"line":26,"column":2},"end":{"line":26,"column":24}},"9":{"start":{"line":27,"column":2},"end":{"line":50,"column":6}},"10":{"start":{"line":30,"column":6},"end":{"line":30,"column":59}},"11":{"start":{"line":31,"column":6},"end":{"line":31,"column":22}},"12":{"start":{"line":32,"column":6},"end":{"line":32,"column":42}},"13":{"start":{"line":33,"column":6},"end":{"line":36,"column":9}},"14":{"start":{"line":40,"column":8},"end":{"line":43,"column":11}},"15":{"start":{"line":44,"column":8},"end":{"line":44,"column":24}},"16":{"start":{"line":45,"column":8},"end":{"line":48,"column":11}}},"fnMap":{"0":{"name":"(anonymous_0)","decl":{"start":{"line":10,"column":25},"end":{"line":10,"column":26}},"loc":{"start":{"line":10,"column":32},"end":{"line":13,"column":1}},"line":10},"1":{"name":"(anonymous_1)","decl":{"start":{"line":15,"column":31},"end":{"line":15,"column":32}},"loc":{"start":{"line":15,"column":44},"end":{"line":18,"column":1}},"line":15},"2":{"name":"(anonymous_2)","decl":{"start":{"line":20,"column":32},"end":{"line":20,"column":33}},"loc":{"start":{"line":20,"column":42},"end":{"line":23,"column":1}},"line":20},"3":{"name":"(anonymous_3)","decl":{"start":{"line":25,"column":28},"end":{"line":25,"column":29}},"loc":{"start":{"line":25,"column":43},"end":{"line":51,"column":1}},"line":25},"4":{"name":"(anonymous_4)","decl":{"start":{"line":25,"column":43},"end":{"line":25,"column":44}},"loc":{"start":{"line":25,"column":57},"end":{"line":51,"column":1}},"line":25},"5":{"name":"(anonymous_5)","decl":{"start":{"line":29,"column":10},"end":{"line":29,"column":11}},"loc":{"start":{"line":29,"column":24},"end":{"line":37,"column":5}},"line":29},"6":{"name":"(anonymous_6)","decl":{"start":{"line":39,"column":6},"end":{"line":39,"column":7}},"loc":{"start":{"line":39,"column":17},"end":{"line":49,"column":7}},"line":39}},"branchMap":{},"s":{"0":1,"1":2,"2":1,"3":1,"4":1,"5":0,"6":1,"7":2,"8":2,"9":2,"10":1,"11":1,"12":1,"13":1,"14":1,"15":1,"16":1},"f":{"0":2,"1":1,"2":0,"3":2,"4":2,"5":1,"6":1},"b":{},"_coverageSchema":"43e27e138ebf9cfc5966b082cf9a028302ed4184","hash":"1fb7279be3d3a7d0eeea77f3492692676b82f5b3"}
,"/Users/frank/Desktop/iRepoter-react-app/src/actions/SignupAction.js": {"path":"/Users/frank/Desktop/iRepoter-react-app/src/actions/SignupAction.js","statementMap":{"0":{"start":{"line":9,"column":28},"end":{"line":12,"column":2}},"1":{"start":{"line":9,"column":35},"end":{"line":12,"column":1}},"2":{"start":{"line":14,"column":34},"end":{"line":17,"column":2}},"3":{"start":{"line":14,"column":47},"end":{"line":17,"column":1}},"4":{"start":{"line":19,"column":35},"end":{"line":22,"column":2}},"5":{"start":{"line":19,"column":45},"end":{"line":22,"column":1}},"6":{"start":{"line":24,"column":28},"end":{"line":56,"column":1}},"7":{"start":{"line":24,"column":39},"end":{"line":56,"column":1}},"8":{"start":{"line":25,"column":2},"end":{"line":25,"column":27}},"9":{"start":{"line":26,"column":2},"end":{"line":55,"column":6}},"10":{"start":{"line":29,"column":6},"end":{"line":29,"column":22}},"11":{"start":{"line":30,"column":6},"end":{"line":30,"column":45}},"12":{"start":{"line":31,"column":6},"end":{"line":41,"column":7}},"13":{"start":{"line":32,"column":8},"end":{"line":35,"column":11}},"14":{"start":{"line":36,"column":13},"end":{"line":41,"column":7}},"15":{"start":{"line":37,"column":8},"end":{"line":40,"column":11}},"16":{"start":{"line":45,"column":8},"end":{"line":48,"column":11}},"17":{"start":{"line":49,"column":8},"end":{"line":49,"column":24}},"18":{"start":{"line":50,"column":8},"end":{"line":53,"column":11}}},"fnMap":{"0":{"name":"(anonymous_0)","decl":{"start":{"line":9,"column":28},"end":{"line":9,"column":29}},"loc":{"start":{"line":9,"column":35},"end":{"line":12,"column":1}},"line":9},"1":{"name":"(anonymous_1)","decl":{"start":{"line":14,"column":34},"end":{"line":14,"column":35}},"loc":{"start":{"line":14,"column":47},"end":{"line":17,"column":1}},"line":14},"2":{"name":"(anonymous_2)","decl":{"start":{"line":19,"column":35},"end":{"line":19,"column":36}},"loc":{"start":{"line":19,"column":45},"end":{"line":22,"column":1}},"line":19},"3":{"name":"(anonymous_3)","decl":{"start":{"line":24,"column":28},"end":{"line":24,"column":29}},"loc":{"start":{"line":24,"column":39},"end":{"line":56,"column":1}},"line":24},"4":{"name":"(anonymous_4)","decl":{"start":{"line":24,"column":39},"end":{"line":24,"column":40}},"loc":{"start":{"line":24,"column":53},"end":{"line":56,"column":1}},"line":24},"5":{"name":"(anonymous_5)","decl":{"start":{"line":28,"column":10},"end":{"line":28,"column":11}},"loc":{"start":{"line":28,"column":24},"end":{"line":42,"column":5}},"line":28},"6":{"name":"(anonymous_6)","decl":{"start":{"line":44,"column":6},"end":{"line":44,"column":7}},"loc":{"start":{"line":44,"column":17},"end":{"line":54,"column":7}},"line":44}},"branchMap":{"0":{"loc":{"start":{"line":31,"column":6},"end":{"line":41,"column":7}},"type":"if","locations":[{"start":{"line":31,"column":6},"end":{"line":41,"column":7}},{"start":{"line":31,"column":6},"end":{"line":41,"column":7}}],"line":31},"1":{"loc":{"start":{"line":36,"column":13},"end":{"line":41,"column":7}},"type":"if","locations":[{"start":{"line":36,"column":13},"end":{"line":41,"column":7}},{"start":{"line":36,"column":13},"end":{"line":41,"column":7}}],"line":36}},"s":{"0":1,"1":2,"2":1,"3":1,"4":1,"5":0,"6":1,"7":2,"8":2,"9":2,"10":1,"11":1,"12":1,"13":1,"14":0,"15":0,"16":1,"17":1,"18":1},"f":{"0":2,"1":1,"2":0,"3":2,"4":2,"5":1,"6":1},"b":{"0":[1,0],"1":[0,0]},"_coverageSchema":"43e27e138ebf9cfc5966b082cf9a028302ed4184","hash":"c9ecb8aa145124746b1363570517e01407ad0664"}
,"/Users/frank/Desktop/iRepoter-react-app/src/actions/types.js": {"path":"/Users/frank/Desktop/iRepoter-react-app/src/actions/types.js","statementMap":{"0":{"start":{"line":2,"column":29},"end":{"line":2,"column":44}},"1":{"start":{"line":3,"column":36},"end":{"line":3,"column":59}},"2":{"start":{"line":4,"column":37},"end":{"line":4,"column":60}},"3":{"start":{"line":6,"column":26},"end":{"line":6,"column":39}},"4":{"start":{"line":7,"column":33},"end":{"line":7,"column":52}},"5":{"start":{"line":8,"column":34},"end":{"line":8,"column":54}},"6":{"start":{"line":10,"column":36},"end":{"line":10,"column":58}},"7":{"start":{"line":11,"column":36},"end":{"line":11,"column":58}}},"fnMap":{},"branchMap":{},"s":{"0":6,"1":6,"2":6,"3":6,"4":6,"5":6,"6":6,"7":6},"f":{},"b":{},"_coverageSchema":"43e27e138ebf9cfc5966b082cf9a028302ed4184","hash":"4de1523da8d7306eb47e3a59dabed3313ebeeccf"}
,"/Users/frank/Desktop/iRepoter-react-app/src/components/App.js": {"path":"/Users/frank/Desktop/iRepoter-react-app/src/components/App.js","statementMap":{"0":{"start":{"line":11,"column":4},"end":{"line":20,"column":6}}},"fnMap":{"0":{"name":"(anonymous_0)","decl":{"start":{"line":10,"column":2},"end":{"line":10,"column":3}},"loc":{"start":{"line":10,"column":11},"end":{"line":21,"column":3}},"line":10}},"branchMap":{},"s":{"0":0},"f":{"0":0},"b":{},"hash":"88c35a4b82e8833a7a3678f3d4a9e1d87dd7866b"}
,"/Users/frank/Desktop/iRepoter-react-app/src/components/PageNotFound.js": {"path":"/Users/frank/Desktop/iRepoter-react-app/src/components/PageNotFound.js","statementMap":{"0":{"start":{"line":3,"column":16},"end":{"line":3,"column":52}},"1":{"start":{"line":3,"column":22},"end":{"line":3,"column":52}}},"fnMap":{"0":{"name":"(anonymous_0)","decl":{"start":{"line":3,"column":16},"end":{"line":3,"column":17}},"loc":{"start":{"line":3,"column":22},"end":{"line":3,"column":52}},"line":3}},"branchMap":{},"s":{"0":0,"1":0},"f":{"0":0},"b":{},"hash":"a383489416ce56cdc78b18c591613b5a0cb0c55c"}
,"/Users/frank/Desktop/iRepoter-react-app/src/components/common/Header.js": {"path":"/Users/frank/Desktop/iRepoter-react-app/src/components/common/Header.js","statementMap":{"0":{"start":{"line":5,"column":15},"end":{"line":47,"column":1}},"1":{"start":{"line":6,"column":2},"end":{"line":46,"column":8}}},"fnMap":{"0":{"name":"(anonymous_0)","decl":{"start":{"line":5,"column":15},"end":{"line":5,"column":16}},"loc":{"start":{"line":6,"column":2},"end":{"line":46,"column":8}},"line":6}},"branchMap":{},"s":{"0":0,"1":0},"f":{"0":0},"b":{},"hash":"5cfadf34b3cae84df8a52fc882284ab1fefba4a5"}
,"/Users/frank/Desktop/iRepoter-react-app/src/components/common/Navbar.js": {"path":"/Users/frank/Desktop/iRepoter-react-app/src/components/common/Navbar.js","statementMap":{"0":{"start":{"line":5,"column":15},"end":{"line":47,"column":1}},"1":{"start":{"line":6,"column":2},"end":{"line":46,"column":8}}},"fnMap":{"0":{"name":"(anonymous_0)","decl":{"start":{"line":5,"column":15},"end":{"line":5,"column":16}},"loc":{"start":{"line":6,"column":2},"end":{"line":46,"column":8}},"line":6}},"branchMap":{},"s":{"0":0,"1":0},"f":{"0":0},"b":{},"hash":"060bdee20ada42bfc39534e31d13064f217dd199"}
,"/Users/frank/Desktop/iRepoter-react-app/src/components/home/RedFlags.js": {"path":"/Users/frank/Desktop/iRepoter-react-app/src/components/home/RedFlags.js","statementMap":{"0":{"start":{"line":10,"column":30},"end":{"line":10,"column":40}},"1":{"start":{"line":11,"column":4},"end":{"line":11,"column":20}},"2":{"start":{"line":15,"column":25},"end":{"line":15,"column":35}},"3":{"start":{"line":16,"column":4},"end":{"line":16,"column":39}},"4":{"start":{"line":17,"column":4},"end":{"line":65,"column":6}},"5":{"start":{"line":23,"column":14},"end":{"line":61,"column":20}},"6":{"start":{"line":69,"column":31},"end":{"line":71,"column":2}},"7":{"start":{"line":69,"column":41},"end":{"line":71,"column":1}}},"fnMap":{"0":{"name":"(anonymous_0)","decl":{"start":{"line":9,"column":2},"end":{"line":9,"column":3}},"loc":{"start":{"line":9,"column":23},"end":{"line":12,"column":3}},"line":9},"1":{"name":"(anonymous_1)","decl":{"start":{"line":14,"column":2},"end":{"line":14,"column":3}},"loc":{"start":{"line":14,"column":11},"end":{"line":66,"column":3}},"line":14},"2":{"name":"(anonymous_2)","decl":{"start":{"line":22,"column":83},"end":{"line":22,"column":84}},"loc":{"start":{"line":23,"column":14},"end":{"line":61,"column":20}},"line":23},"3":{"name":"(anonymous_3)","decl":{"start":{"line":69,"column":31},"end":{"line":69,"column":32}},"loc":{"start":{"line":69,"column":41},"end":{"line":71,"column":1}},"line":69}},"branchMap":{"0":{"loc":{"start":{"line":21,"column":10},"end":{"line":62,"column":21}},"type":"cond-expr","locations":[{"start":{"line":22,"column":70},"end":{"line":62,"column":14}},{"start":{"line":62,"column":17},"end":{"line":62,"column":21}}],"line":21},"1":{"loc":{"start":{"line":21,"column":10},"end":{"line":22,"column":67}},"type":"binary-expr","locations":[{"start":{"line":21,"column":10},"end":{"line":21,"column":18}},{"start":{"line":22,"column":12},"end":{"line":22,"column":31}},{"start":{"line":22,"column":35},"end":{"line":22,"column":39}},{"start":{"line":22,"column":44},"end":{"line":22,"column":67}}],"line":21}},"s":{"0":0,"1":0,"2":0,"3":0,"4":0,"5":0,"6":0,"7":0},"f":{"0":0,"1":0,"2":0,"3":0},"b":{"0":[0,0],"1":[0,0,0,0]},"hash":"771ddf1f20706e0e34767d18eaf5836258d62288"}
,"/Users/frank/Desktop/iRepoter-react-app/src/components/signin/SignIn.js": {"path":"/Users/frank/Desktop/iRepoter-react-app/src/components/signin/SignIn.js","statementMap":{"0":{"start":{"line":11,"column":4},"end":{"line":11,"column":12}},"1":{"start":{"line":12,"column":4},"end":{"line":15,"column":6}},"2":{"start":{"line":17,"column":4},"end":{"line":17,"column":55}},"3":{"start":{"line":21,"column":4},"end":{"line":24,"column":5}},"4":{"start":{"line":22,"column":26},"end":{"line":22,"column":36}},"5":{"start":{"line":23,"column":6},"end":{"line":23,"column":31}},"6":{"start":{"line":27,"column":18},"end":{"line":32,"column":3}},"7":{"start":{"line":28,"column":28},"end":{"line":28,"column":36}},"8":{"start":{"line":29,"column":4},"end":{"line":31,"column":7}},"9":{"start":{"line":34,"column":17},"end":{"line":46,"column":3}},"10":{"start":{"line":35,"column":29},"end":{"line":35,"column":39}},"11":{"start":{"line":36,"column":4},"end":{"line":36,"column":23}},"12":{"start":{"line":40,"column":8},"end":{"line":40,"column":18}},"13":{"start":{"line":41,"column":17},"end":{"line":44,"column":5}},"14":{"start":{"line":45,"column":4},"end":{"line":45,"column":23}},"15":{"start":{"line":49,"column":4},"end":{"line":70,"column":6}},"16":{"start":{"line":74,"column":31},"end":{"line":79,"column":1}},"17":{"start":{"line":75,"column":23},"end":{"line":75,"column":42}},"18":{"start":{"line":76,"column":2},"end":{"line":78,"column":4}}},"fnMap":{"0":{"name":"(anonymous_0)","decl":{"start":{"line":10,"column":2},"end":{"line":10,"column":3}},"loc":{"start":{"line":10,"column":16},"end":{"line":18,"column":3}},"line":10},"1":{"name":"(anonymous_1)","decl":{"start":{"line":20,"column":2},"end":{"line":20,"column":3}},"loc":{"start":{"line":20,"column":39},"end":{"line":25,"column":3}},"line":20},"2":{"name":"(anonymous_2)","decl":{"start":{"line":27,"column":18},"end":{"line":27,"column":19}},"loc":{"start":{"line":27,"column":25},"end":{"line":32,"column":3}},"line":27},"3":{"name":"(anonymous_3)","decl":{"start":{"line":34,"column":17},"end":{"line":34,"column":18}},"loc":{"start":{"line":34,"column":24},"end":{"line":46,"column":3}},"line":34},"4":{"name":"(anonymous_4)","decl":{"start":{"line":48,"column":2},"end":{"line":48,"column":3}},"loc":{"start":{"line":48,"column":11},"end":{"line":71,"column":3}},"line":48},"5":{"name":"(anonymous_5)","decl":{"start":{"line":74,"column":31},"end":{"line":74,"column":32}},"loc":{"start":{"line":74,"column":42},"end":{"line":79,"column":1}},"line":74}},"branchMap":{"0":{"loc":{"start":{"line":21,"column":4},"end":{"line":24,"column":5}},"type":"if","locations":[{"start":{"line":21,"column":4},"end":{"line":24,"column":5}},{"start":{"line":21,"column":4},"end":{"line":24,"column":5}}],"line":21}},"s":{"0":0,"1":0,"2":0,"3":0,"4":0,"5":0,"6":0,"7":0,"8":0,"9":0,"10":0,"11":0,"12":0,"13":0,"14":0,"15":0,"16":0,"17":0,"18":0},"f":{"0":0,"1":0,"2":0,"3":0,"4":0,"5":0},"b":{"0":[0,0]},"hash":"b0716395c7a0b16ed7adacf13d6c7f84ffd76d3a"}
,"/Users/frank/Desktop/iRepoter-react-app/src/components/signup/Signup.js": {"path":"/Users/frank/Desktop/iRepoter-react-app/src/components/signup/Signup.js","statementMap":{"0":{"start":{"line":11,"column":4},"end":{"line":11,"column":12}},"1":{"start":{"line":12,"column":4},"end":{"line":18,"column":6}},"2":{"start":{"line":20,"column":4},"end":{"line":20,"column":55}},"3":{"start":{"line":31,"column":18},"end":{"line":36,"column":3}},"4":{"start":{"line":32,"column":28},"end":{"line":32,"column":36}},"5":{"start":{"line":33,"column":4},"end":{"line":35,"column":7}},"6":{"start":{"line":38,"column":17},"end":{"line":53,"column":3}},"7":{"start":{"line":39,"column":29},"end":{"line":39,"column":39}},"8":{"start":{"line":40,"column":4},"end":{"line":40,"column":23}},"9":{"start":{"line":44,"column":8},"end":{"line":44,"column":18}},"10":{"start":{"line":45,"column":17},"end":{"line":51,"column":5}},"11":{"start":{"line":52,"column":4},"end":{"line":52,"column":23}},"12":{"start":{"line":56,"column":4},"end":{"line":136,"column":6}},"13":{"start":{"line":140,"column":31},"end":{"line":146,"column":1}},"14":{"start":{"line":141,"column":35},"end":{"line":141,"column":54}},"15":{"start":{"line":142,"column":2},"end":{"line":145,"column":4}}},"fnMap":{"0":{"name":"(anonymous_0)","decl":{"start":{"line":10,"column":2},"end":{"line":10,"column":3}},"loc":{"start":{"line":10,"column":16},"end":{"line":21,"column":3}},"line":10},"1":{"name":"(anonymous_1)","decl":{"start":{"line":31,"column":18},"end":{"line":31,"column":19}},"loc":{"start":{"line":31,"column":25},"end":{"line":36,"column":3}},"line":31},"2":{"name":"(anonymous_2)","decl":{"start":{"line":38,"column":17},"end":{"line":38,"column":18}},"loc":{"start":{"line":38,"column":24},"end":{"line":53,"column":3}},"line":38},"3":{"name":"(anonymous_3)","decl":{"start":{"line":55,"column":2},"end":{"line":55,"column":3}},"loc":{"start":{"line":55,"column":11},"end":{"line":137,"column":3}},"line":55},"4":{"name":"(anonymous_4)","decl":{"start":{"line":140,"column":31},"end":{"line":140,"column":32}},"loc":{"start":{"line":140,"column":42},"end":{"line":146,"column":1}},"line":140}},"branchMap":{},"s":{"0":0,"1":0,"2":0,"3":0,"4":0,"5":0,"6":0,"7":0,"8":0,"9":0,"10":0,"11":0,"12":0,"13":0,"14":0,"15":0},"f":{"0":0,"1":0,"2":0,"3":0,"4":0},"b":{},"hash":"d22c01105b22ad158fc8be448b8030dec67b422a"}
,"/Users/frank/Desktop/iRepoter-react-app/src/reducers/RedFlagReducer.js": {"path":"/Users/frank/Desktop/iRepoter-react-app/src/reducers/RedFlagReducer.js","statementMap":{"0":{"start":{"line":4,"column":21},"end":{"line":6,"column":1}},"1":{"start":{"line":8,"column":23},"end":{"line":23,"column":1}},"2":{"start":{"line":9,"column":2},"end":{"line":22,"column":3}},"3":{"start":{"line":11,"column":6},"end":{"line":14,"column":8}},"4":{"start":{"line":16,"column":6},"end":{"line":19,"column":8}},"5":{"start":{"line":21,"column":6},"end":{"line":21,"column":19}}},"fnMap":{"0":{"name":"(anonymous_0)","decl":{"start":{"line":8,"column":23},"end":{"line":8,"column":24}},"loc":{"start":{"line":8,"column":57},"end":{"line":23,"column":1}},"line":8}},"branchMap":{"0":{"loc":{"start":{"line":8,"column":24},"end":{"line":8,"column":44}},"type":"default-arg","locations":[{"start":{"line":8,"column":32},"end":{"line":8,"column":44}}],"line":8},"1":{"loc":{"start":{"line":9,"column":2},"end":{"line":22,"column":3}},"type":"switch","locations":[{"start":{"line":10,"column":4},"end":{"line":14,"column":8}},{"start":{"line":15,"column":4},"end":{"line":19,"column":8}},{"start":{"line":20,"column":4},"end":{"line":21,"column":19}}],"line":9}},"s":{"0":1,"1":1,"2":2,"3":0,"4":1,"5":1},"f":{"0":2},"b":{"0":[1],"1":[0,1,1]},"_coverageSchema":"43e27e138ebf9cfc5966b082cf9a028302ed4184","hash":"d899554e270d78b251b2d6625f903a31c029e889"}
,"/Users/frank/Desktop/iRepoter-react-app/src/reducers/SigninReducer.js": {"path":"/Users/frank/Desktop/iRepoter-react-app/src/reducers/SigninReducer.js","statementMap":{"0":{"start":{"line":3,"column":21},"end":{"line":6,"column":1}},"1":{"start":{"line":7,"column":22},"end":{"line":30,"column":1}},"2":{"start":{"line":8,"column":2},"end":{"line":29,"column":3}},"3":{"start":{"line":10,"column":6},"end":{"line":14,"column":8}},"4":{"start":{"line":16,"column":6},"end":{"line":20,"column":8}},"5":{"start":{"line":22,"column":6},"end":{"line":26,"column":8}},"6":{"start":{"line":28,"column":6},"end":{"line":28,"column":19}}},"fnMap":{"0":{"name":"(anonymous_0)","decl":{"start":{"line":7,"column":22},"end":{"line":7,"column":23}},"loc":{"start":{"line":7,"column":56},"end":{"line":30,"column":1}},"line":7}},"branchMap":{"0":{"loc":{"start":{"line":7,"column":23},"end":{"line":7,"column":43}},"type":"default-arg","locations":[{"start":{"line":7,"column":31},"end":{"line":7,"column":43}}],"line":7},"1":{"loc":{"start":{"line":8,"column":2},"end":{"line":29,"column":3}},"type":"switch","locations":[{"start":{"line":9,"column":4},"end":{"line":14,"column":8}},{"start":{"line":15,"column":4},"end":{"line":20,"column":8}},{"start":{"line":21,"column":4},"end":{"line":26,"column":8}},{"start":{"line":27,"column":4},"end":{"line":28,"column":19}}],"line":8}},"s":{"0":1,"1":1,"2":4,"3":1,"4":1,"5":1,"6":1},"f":{"0":4},"b":{"0":[4],"1":[1,1,1,1]},"_coverageSchema":"43e27e138ebf9cfc5966b082cf9a028302ed4184","hash":"bd68c3c858a0cf414647f88aff59aa019ac6308d"}
,"/Users/frank/Desktop/iRepoter-react-app/src/reducers/SignupReducer.js": {"path":"/Users/frank/Desktop/iRepoter-react-app/src/reducers/SignupReducer.js","statementMap":{"0":{"start":{"line":3,"column":21},"end":{"line":7,"column":1}},"1":{"start":{"line":8,"column":22},"end":{"line":33,"column":1}},"2":{"start":{"line":9,"column":2},"end":{"line":32,"column":3}},"3":{"start":{"line":11,"column":6},"end":{"line":15,"column":8}},"4":{"start":{"line":17,"column":6},"end":{"line":22,"column":8}},"5":{"start":{"line":24,"column":6},"end":{"line":29,"column":8}},"6":{"start":{"line":31,"column":6},"end":{"line":31,"column":19}}},"fnMap":{"0":{"name":"(anonymous_0)","decl":{"start":{"line":8,"column":22},"end":{"line":8,"column":23}},"loc":{"start":{"line":8,"column":56},"end":{"line":33,"column":1}},"line":8}},"branchMap":{"0":{"loc":{"start":{"line":8,"column":23},"end":{"line":8,"column":43}},"type":"default-arg","locations":[{"start":{"line":8,"column":31},"end":{"line":8,"column":43}}],"line":8},"1":{"loc":{"start":{"line":9,"column":2},"end":{"line":32,"column":3}},"type":"switch","locations":[{"start":{"line":10,"column":4},"end":{"line":15,"column":8}},{"start":{"line":16,"column":4},"end":{"line":22,"column":8}},{"start":{"line":23,"column":4},"end":{"line":29,"column":8}},{"start":{"line":30,"column":4},"end":{"line":31,"column":19}}],"line":9}},"s":{"0":1,"1":1,"2":4,"3":1,"4":1,"5":1,"6":1},"f":{"0":4},"b":{"0":[4],"1":[1,1,1,1]},"_coverageSchema":"43e27e138ebf9cfc5966b082cf9a028302ed4184","hash":"37f2e022b65f13ec3472d45ce58c760271267aaa"}
,"/Users/frank/Desktop/iRepoter-react-app/src/reducers/rootReducer.js": {"path":"/Users/frank/Desktop/iRepoter-react-app/src/reducers/rootReducer.js","statementMap":{},"fnMap":{},"branchMap":{},"s":{},"f":{},"b":{},"hash":"3773d0e556c44076acf38ad31efb8107883e54d2"}
}
