TN:
SF:/Users/frank/Desktop/iRepoter-react-app/src/index.js
FNF:0
FNH:0
DA:13,0
LF:1
LH:0
BRF:0
BRH:0
end_of_record
TN:
SF:/Users/frank/Desktop/iRepoter-react-app/src/store.js
FNF:0
FNH:0
DA:6,0
DA:7,0
DA:8,0
LF:3
LH:0
BRF:0
BRH:0
end_of_record
TN:
SF:/Users/frank/Desktop/iRepoter-react-app/src/actions/RedFlagActions.js
FN:5,(anonymous_0)
FN:5,(anonymous_1)
FN:9,(anonymous_2)
FN:15,(anonymous_3)
FNF:4
FNH:4
FNDA:2,(anonymous_0)
FNDA:2,(anonymous_1)
FNDA:1,(anonymous_2)
FNDA:1,(anonymous_3)
DA:5,2
DA:10,1
DA:11,1
DA:16,1
LF:4
LH:4
BRF:0
BRH:0
end_of_record
TN:
SF:/Users/frank/Desktop/iRepoter-react-app/src/actions/SigninAction.js
FN:10,(anonymous_0)
FN:15,(anonymous_1)
FN:20,(anonymous_2)
FN:25,(anonymous_3)
FN:25,(anonymous_4)
FN:29,(anonymous_5)
FN:39,(anonymous_6)
FNF:7
FNH:6
FNDA:2,(anonymous_0)
FNDA:1,(anonymous_1)
FNDA:0,(anonymous_2)
FNDA:2,(anonymous_3)
FNDA:2,(anonymous_4)
FNDA:1,(anonymous_5)
FNDA:1,(anonymous_6)
DA:10,2
DA:15,1
DA:20,1
DA:25,2
DA:26,2
DA:27,2
DA:30,1
DA:31,1
DA:32,1
DA:33,1
DA:40,1
DA:44,1
DA:45,1
LF:13
LH:13
BRF:0
BRH:0
end_of_record
TN:
SF:/Users/frank/Desktop/iRepoter-react-app/src/actions/SignupAction.js
FN:9,(anonymous_0)
FN:14,(anonymous_1)
FN:19,(anonymous_2)
FN:24,(anonymous_3)
FN:24,(anonymous_4)
FN:28,(anonymous_5)
FN:44,(anonymous_6)
FNF:7
FNH:6
FNDA:2,(anonymous_0)
FNDA:1,(anonymous_1)
FNDA:0,(anonymous_2)
FNDA:2,(anonymous_3)
FNDA:2,(anonymous_4)
FNDA:1,(anonymous_5)
FNDA:1,(anonymous_6)
DA:9,2
DA:14,1
DA:19,1
DA:24,2
DA:25,2
DA:26,2
DA:29,1
DA:30,1
DA:31,1
DA:32,1
DA:36,0
DA:37,0
DA:45,1
DA:49,1
DA:50,1
LF:15
LH:13
BRDA:31,0,0,1
BRDA:31,0,1,0
BRDA:36,1,0,0
BRDA:36,1,1,0
BRF:4
BRH:1
end_of_record
TN:
SF:/Users/frank/Desktop/iRepoter-react-app/src/actions/types.js
FNF:0
FNH:0
DA:2,6
DA:3,6
DA:4,6
DA:6,6
DA:7,6
DA:8,6
DA:10,6
DA:11,6
LF:8
LH:8
BRF:0
BRH:0
end_of_record
TN:
SF:/Users/frank/Desktop/iRepoter-react-app/src/components/App.js
FN:10,(anonymous_0)
FNF:1
FNH:0
FNDA:0,(anonymous_0)
DA:11,0
LF:1
LH:0
BRF:0
BRH:0
end_of_record
TN:
SF:/Users/frank/Desktop/iRepoter-react-app/src/components/PageNotFound.js
FN:3,(anonymous_0)
FNF:1
FNH:0
FNDA:0,(anonymous_0)
DA:3,0
LF:1
LH:0
BRF:0
BRH:0
end_of_record
TN:
SF:/Users/frank/Desktop/iRepoter-react-app/src/components/common/Header.js
FN:5,(anonymous_0)
FNF:1
FNH:0
FNDA:0,(anonymous_0)
DA:5,0
DA:6,0
LF:2
LH:0
BRF:0
BRH:0
end_of_record
TN:
SF:/Users/frank/Desktop/iRepoter-react-app/src/components/common/Navbar.js
FN:5,(anonymous_0)
FNF:1
FNH:0
FNDA:0,(anonymous_0)
DA:5,0
DA:6,0
LF:2
LH:0
BRF:0
BRH:0
end_of_record
TN:
SF:/Users/frank/Desktop/iRepoter-react-app/src/components/home/RedFlags.js
FN:9,(anonymous_0)
FN:14,(anonymous_1)
FN:22,(anonymous_2)
FN:69,(anonymous_3)
FNF:4
FNH:0
FNDA:0,(anonymous_0)
FNDA:0,(anonymous_1)
FNDA:0,(anonymous_2)
FNDA:0,(anonymous_3)
DA:10,0
DA:11,0
DA:15,0
DA:16,0
DA:17,0
DA:23,0
DA:69,0
LF:7
LH:0
BRDA:21,0,0,0
BRDA:21,0,1,0
BRDA:21,1,0,0
BRDA:21,1,1,0
BRDA:21,1,2,0
BRDA:21,1,3,0
BRF:6
BRH:0
end_of_record
TN:
SF:/Users/frank/Desktop/iRepoter-react-app/src/components/signin/SignIn.js
FN:10,(anonymous_0)
FN:20,(anonymous_1)
FN:27,(anonymous_2)
FN:34,(anonymous_3)
FN:48,(anonymous_4)
FN:74,(anonymous_5)
FNF:6
FNH:0
FNDA:0,(anonymous_0)
FNDA:0,(anonymous_1)
FNDA:0,(anonymous_2)
FNDA:0,(anonymous_3)
FNDA:0,(anonymous_4)
FNDA:0,(anonymous_5)
DA:11,0
DA:12,0
DA:17,0
DA:21,0
DA:22,0
DA:23,0
DA:27,0
DA:28,0
DA:29,0
DA:34,0
DA:35,0
DA:36,0
DA:40,0
DA:41,0
DA:45,0
DA:49,0
DA:74,0
DA:75,0
DA:76,0
LF:19
LH:0
BRDA:21,0,0,0
BRDA:21,0,1,0
BRF:2
BRH:0
end_of_record
TN:
SF:/Users/frank/Desktop/iRepoter-react-app/src/components/signup/Signup.js
FN:10,(anonymous_0)
FN:31,(anonymous_1)
FN:38,(anonymous_2)
FN:55,(anonymous_3)
FN:140,(anonymous_4)
FNF:5
FNH:0
FNDA:0,(anonymous_0)
FNDA:0,(anonymous_1)
FNDA:0,(anonymous_2)
FNDA:0,(anonymous_3)
FNDA:0,(anonymous_4)
DA:11,0
DA:12,0
DA:20,0
DA:31,0
DA:32,0
DA:33,0
DA:38,0
DA:39,0
DA:40,0
DA:44,0
DA:45,0
DA:52,0
DA:56,0
DA:140,0
DA:141,0
DA:142,0
LF:16
LH:0
BRF:0
BRH:0
end_of_record
TN:
SF:/Users/frank/Desktop/iRepoter-react-app/src/reducers/RedFlagReducer.js
FN:8,(anonymous_0)
FNF:1
FNH:1
FNDA:2,(anonymous_0)
DA:4,1
DA:8,1
DA:9,2
DA:11,0
DA:16,1
DA:21,1
LF:6
LH:5
BRDA:8,0,0,1
BRDA:9,1,0,0
BRDA:9,1,1,1
BRDA:9,1,2,1
BRF:4
BRH:3
end_of_record
TN:
SF:/Users/frank/Desktop/iRepoter-react-app/src/reducers/SigninReducer.js
FN:7,(anonymous_0)
FNF:1
FNH:1
FNDA:4,(anonymous_0)
DA:3,1
DA:7,1
DA:8,4
DA:10,1
DA:16,1
DA:22,1
DA:28,1
LF:7
LH:7
BRDA:7,0,0,4
BRDA:8,1,0,1
BRDA:8,1,1,1
BRDA:8,1,2,1
BRDA:8,1,3,1
BRF:5
BRH:5
end_of_record
TN:
SF:/Users/frank/Desktop/iRepoter-react-app/src/reducers/SignupReducer.js
FN:8,(anonymous_0)
FNF:1
FNH:1
FNDA:4,(anonymous_0)
DA:3,1
DA:8,1
DA:9,4
DA:11,1
DA:17,1
DA:24,1
DA:31,1
LF:7
LH:7
BRDA:8,0,0,4
BRDA:9,1,0,1
BRDA:9,1,1,1
BRDA:9,1,2,1
BRDA:9,1,3,1
BRF:5
BRH:5
end_of_record
TN:
SF:/Users/frank/Desktop/iRepoter-react-app/src/reducers/rootReducer.js
FNF:0
FNH:0
LF:0
LH:0
BRF:0
BRH:0
end_of_record
